[debug] [2024-02-09T10:07:47.841Z] ----------------------------------------------------------------------
[debug] [2024-02-09T10:07:47.844Z] Command:       C:\Program Files\nodejs\node.exe C:\Users\samar\AppData\Roaming\npm\node_modules\firebase-tools\lib\bin\firebase.js init
[debug] [2024-02-09T10:07:47.845Z] CLI Version:   13.2.0
[debug] [2024-02-09T10:07:47.845Z] Platform:      win32
[debug] [2024-02-09T10:07:47.845Z] Node Version:  v20.5.1
[debug] [2024-02-09T10:07:47.846Z] Time:          Fri Feb 09 2024 15:37:47 GMT+0530 (India Standard Time)
[debug] [2024-02-09T10:07:47.846Z] ----------------------------------------------------------------------
[debug] 
[debug] [2024-02-09T10:07:47.858Z] > command requires scopes: ["email","openid","https://www.googleapis.com/auth/cloudplatformprojects.readonly","https://www.googleapis.com/auth/firebase","https://www.googleapis.com/auth/cloud-platform"]
[debug] [2024-02-09T10:07:47.858Z] > authorizing via signed-in user (samarthbadadhe81@gmail.com)
[info] 
     ######## #### ########  ######## ########     ###     ######  ########
     ##        ##  ##     ## ##       ##     ##  ##   ##  ##       ##
     ######    ##  ########  ######   ########  #########  ######  ######
     ##        ##  ##    ##  ##       ##     ## ##     ##       ## ##
     ##       #### ##     ## ######## ########  ##     ##  ######  ########

You're about to initialize a Firebase project in this directory:

  C:\Users\samar\Desktop\WAD

[info] 
=== Project Setup
[info] 
[info] First, let's associate this project directory with a Firebase project.
[info] You can create multiple project aliases by running firebase use --add, 
[info] but for now we'll just set up a default project.
[info] 
[debug] [2024-02-09T10:07:57.402Z] >>> [apiv2][query] GET https://firebase.googleapis.com/v1beta1/projects pageSize=100
[debug] [2024-02-09T10:07:58.243Z] <<< [apiv2][status] GET https://firebase.googleapis.com/v1beta1/projects 200
[debug] [2024-02-09T10:07:58.243Z] <<< [apiv2][body] GET https://firebase.googleapis.com/v1beta1/projects [omitted]
[info] i  Using project raktduth (RaktDuth) 
[info] 
=== Firestore Setup
[debug] [2024-02-09T10:08:00.411Z] >>> [apiv2][query] GET https://serviceusage.googleapis.com/v1/projects/raktduth/services/firestore.googleapis.com [none]
[debug] [2024-02-09T10:08:00.412Z] >>> [apiv2][(partial)header] GET https://serviceusage.googleapis.com/v1/projects/raktduth/services/firestore.googleapis.com x-goog-quota-user=projects/raktduth
[debug] [2024-02-09T10:08:02.437Z] <<< [apiv2][status] GET https://serviceusage.googleapis.com/v1/projects/raktduth/services/firestore.googleapis.com 200
[debug] [2024-02-09T10:08:02.437Z] <<< [apiv2][body] GET https://serviceusage.googleapis.com/v1/projects/raktduth/services/firestore.googleapis.com [omitted]
[debug] [2024-02-09T10:08:02.437Z] >>> [apiv2][query] GET https://firestore.googleapis.com/v1/projects/raktduth/databases/(default) [none]
[debug] [2024-02-09T10:08:02.743Z] <<< [apiv2][status] GET https://firestore.googleapis.com/v1/projects/raktduth/databases/(default) 200
[debug] [2024-02-09T10:08:02.743Z] <<< [apiv2][body] GET https://firestore.googleapis.com/v1/projects/raktduth/databases/(default) {"name":"projects/raktduth/databases/(default)","uid":"5b4a0a8c-2f93-449a-a6d8-1811a41cefaf","createTime":"2024-02-09T08:02:08.311475Z","updateTime":"2024-02-09T08:02:08.311475Z","locationId":"asia-south1","type":"FIRESTORE_NATIVE","concurrencyMode":"PESSIMISTIC","versionRetentionPeriod":"3600s","earliestVersionTime":"2024-02-09T09:08:06.324285Z","appEngineIntegrationMode":"DISABLED","keyPrefix":"j","pointInTimeRecoveryEnablement":"POINT_IN_TIME_RECOVERY_DISABLED","deleteProtectionState":"DELETE_PROTECTION_DISABLED","etag":"IPy7x9WBnoQDMO6EsbeAnoQD"}
[debug] [2024-02-09T10:08:02.743Z] database_type: FIRESTORE_NATIVE
[debug] [2024-02-09T10:08:02.743Z] > command requires scopes: ["email","openid","https://www.googleapis.com/auth/cloudplatformprojects.readonly","https://www.googleapis.com/auth/firebase","https://www.googleapis.com/auth/cloud-platform"]
[debug] [2024-02-09T10:08:02.744Z] > authorizing via signed-in user (samarthbadadhe81@gmail.com)
[debug] [2024-02-09T10:08:02.744Z] [iam] checking project raktduth for permissions ["firebase.projects.get"]
[debug] [2024-02-09T10:08:02.744Z] >>> [apiv2][query] POST https://cloudresourcemanager.googleapis.com/v1/projects/raktduth:testIamPermissions [none]
[debug] [2024-02-09T10:08:02.745Z] >>> [apiv2][(partial)header] POST https://cloudresourcemanager.googleapis.com/v1/projects/raktduth:testIamPermissions x-goog-quota-user=projects/raktduth
[debug] [2024-02-09T10:08:02.745Z] >>> [apiv2][body] POST https://cloudresourcemanager.googleapis.com/v1/projects/raktduth:testIamPermissions {"permissions":["firebase.projects.get"]}
[debug] [2024-02-09T10:08:04.280Z] <<< [apiv2][status] POST https://cloudresourcemanager.googleapis.com/v1/projects/raktduth:testIamPermissions 200
[debug] [2024-02-09T10:08:04.281Z] <<< [apiv2][body] POST https://cloudresourcemanager.googleapis.com/v1/projects/raktduth:testIamPermissions {"permissions":["firebase.projects.get"]}
[info] 
[info] Firestore Security Rules allow you to define how and when to allow
[info] requests. You can keep these rules in your project directory
[info] and publish them with firebase deploy.
[info] 
[debug] [2024-02-09T10:08:05.601Z] >>> [apiv2][query] GET https://firebaserules.googleapis.com/v1/projects/raktduth/releases pageSize=10&pageToken=
[debug] [2024-02-09T10:08:07.453Z] <<< [apiv2][status] GET https://firebaserules.googleapis.com/v1/projects/raktduth/releases 200
[debug] [2024-02-09T10:08:07.453Z] <<< [apiv2][body] GET https://firebaserules.googleapis.com/v1/projects/raktduth/releases {"releases":[{"name":"projects/raktduth/releases/cloud.firestore","rulesetName":"projects/raktduth/rulesets/9eac089d-8acb-4e95-bf18-6cf1af2a0c9a","createTime":"2024-02-09T08:02:17.727904Z","updateTime":"2024-02-09T08:02:17.727904Z"}]}
[debug] [2024-02-09T10:08:07.454Z] Found ruleset: projects/raktduth/rulesets/9eac089d-8acb-4e95-bf18-6cf1af2a0c9a
[debug] [2024-02-09T10:08:07.454Z] >>> [apiv2][query] GET https://firebaserules.googleapis.com/v1/projects/raktduth/rulesets/9eac089d-8acb-4e95-bf18-6cf1af2a0c9a [none]
[debug] [2024-02-09T10:08:08.886Z] <<< [apiv2][status] GET https://firebaserules.googleapis.com/v1/projects/raktduth/rulesets/9eac089d-8acb-4e95-bf18-6cf1af2a0c9a 200
[debug] [2024-02-09T10:08:08.886Z] <<< [apiv2][body] GET https://firebaserules.googleapis.com/v1/projects/raktduth/rulesets/9eac089d-8acb-4e95-bf18-6cf1af2a0c9a [omitted]
[info] 
[info] Firestore indexes allow you to perform complex queries while
[info] maintaining performance that scales with the size of the result
[info] set. You can keep index definitions in your project directory
[info] and publish them with firebase deploy.
[info] 
